<?xml version="1.0" encoding="UTF-8"?>
<testng-results skipped="0" failed="0" total="1" passed="1">
  <reporter-output>
  </reporter-output>
  <suite name="Raisin QA Test" duration-ms="86741" started-at="2019-03-02T04:46:43Z" finished-at="2019-03-02T04:48:10Z">
    <groups>
      <group name="cucumber">
        <method signature="TestRunner.feature(cucumber.api.testng.CucumberFeatureWrapper)[pri:0, instance:com.raisin.test.runner.TestRunner@7f9a81e8]" name="feature" class="com.raisin.test.runner.TestRunner"/>
      </group> <!-- cucumber -->
    </groups>
    <test name="FREE CRM Test" duration-ms="86741" started-at="2019-03-02T04:46:43Z" finished-at="2019-03-02T04:48:10Z">
      <class name="com.raisin.test.runner.TestRunner">
        <test-method status="PASS" signature="setUp_Class()[pri:0, instance:com.raisin.test.runner.TestRunner@7f9a81e8]" name="setUp_Class" is-config="true" duration-ms="232" started-at="2019-03-02T00:46:43Z" finished-at="2019-03-02T00:46:44Z">
          <reporter-output>
          </reporter-output>
        </test-method> <!-- setUp_Class -->
        <test-method status="PASS" signature="feature(cucumber.api.testng.CucumberFeatureWrapper)[pri:0, instance:com.raisin.test.runner.TestRunner@7f9a81e8]" name="feature" duration-ms="86408" started-at="2019-03-02T00:46:44Z" description="Runs Cucumber Feature" data-provider="features" finished-at="2019-03-02T00:48:10Z">
          <params>
            <param index="0">
              <value>
                <![CDATA[Free CRM Login Feature]]>
              </value>
            </param>
          </params>
          <reporter-output>
          </reporter-output>
        </test-method> <!-- feature -->
        <test-method status="PASS" signature="tear_Down_Class()[pri:0, instance:com.raisin.test.runner.TestRunner@7f9a81e8]" name="tear_Down_Class" is-config="true" duration-ms="15" started-at="2019-03-02T00:48:10Z" finished-at="2019-03-02T00:48:10Z">
          <reporter-output>
          </reporter-output>
        </test-method> <!-- tear_Down_Class -->
      </class> <!-- com.raisin.test.runner.TestRunner -->
    </test> <!-- FREE CRM Test -->
  </suite> <!-- Raisin QA Test -->
</testng-results>
